{"level":"info","message":"Register User : New user registered successfully","timestamp":"2024-05-30 15:32:22"}
{"level":"error","message":"Register User : User already exists with email testuser@example.com","timestamp":"2024-05-30 15:34:30"}
{"level":"error","message":"Register User : User already exists with email testuser@example.com","timestamp":"2024-05-30 15:35:04"}
{"level":"error","message":"Register User : User already exists with email testuser@example.com","timestamp":"2024-05-30 15:35:07"}
{"level":"error","message":"Register User : User already exists with email testuser@example.com","timestamp":"2024-05-30 15:35:47"}
{"level":"error","message":"Register User : User already exists with email testuser@example.com","timestamp":"2024-05-30 15:35:49"}
{"errors":[{"location":"body","msg":"Username is required","path":"username","type":"field"}],"level":"error","message":"Register User : Error in register validation","timestamp":"2024-05-30 15:36:53"}
{"level":"info","message":"Login User : User logged in successfully","timestamp":"2024-05-30 15:42:08"}
{"error":{"_message":"Farmer validation failed","errors":{"user":{"kind":"ObjectId","message":"Cast to ObjectId failed for value \"1\" (type string) at path \"user\" because of \"BSONError\"","name":"CastError","path":"user","reason":{},"stringValue":"\"1\"","value":"1","valueType":"string"}},"message":"Farmer validation failed: user: Cast to ObjectId failed for value \"1\" (type string) at path \"user\" because of \"BSONError\"","name":"ValidationError"},"level":"error","message":"Create Farmer : Error in creating farmer","timestamp":"2024-05-30 16:32:09"}
{"error":{"_message":"Farmer validation failed","errors":{"user":{"kind":"ObjectId","message":"Cast to ObjectId failed for value \"1\" (type string) at path \"user\" because of \"BSONError\"","name":"CastError","path":"user","reason":{},"stringValue":"\"1\"","value":"1","valueType":"string"}},"message":"Farmer validation failed: user: Cast to ObjectId failed for value \"1\" (type string) at path \"user\" because of \"BSONError\"","name":"ValidationError"},"level":"error","message":"Create Farmer : Error in creating farmer","timestamp":"2024-05-30 16:33:15"}
{"error":{"_message":"Farmer validation failed","errors":{"user":{"kind":"ObjectId","message":"Cast to ObjectId failed for value \"1\" (type string) at path \"user\" because of \"BSONError\"","name":"CastError","path":"user","reason":{},"stringValue":"\"1\"","value":"1","valueType":"string"}},"message":"Farmer validation failed: user: Cast to ObjectId failed for value \"1\" (type string) at path \"user\" because of \"BSONError\"","name":"ValidationError"},"level":"error","message":"Create Farmer : Error in creating farmer","timestamp":"2024-05-30 16:33:16"}
{"errors":[{"location":"body","msg":"User ID is required","path":"userId,","type":"field"}],"level":"error","message":"Create Farmer : Error in create farmer validation","timestamp":"2024-05-30 16:40:11"}
{"error":{"_message":"Farmer validation failed","errors":{"user":{"kind":"ObjectId","message":"Cast to ObjectId failed for value \"1\" (type string) at path \"user\" because of \"BSONError\"","name":"CastError","path":"user","reason":{},"stringValue":"\"1\"","value":"1","valueType":"string"}},"message":"Farmer validation failed: user: Cast to ObjectId failed for value \"1\" (type string) at path \"user\" because of \"BSONError\"","name":"ValidationError"},"level":"error","message":"Create Farmer : Error in creating farmer","timestamp":"2024-05-30 16:40:38"}
{"level":"info","message":"Create Farmer : New farmer created successfully","timestamp":"2024-05-30 16:44:00"}
{"level":"info","message":"Create Farmer : New farmer created successfully","timestamp":"2024-05-30 16:45:52"}
{"level":"info","message":"Create Farmer : New farmer created successfully","timestamp":"2024-05-30 16:47:37"}
{"level":"info","message":"Login User : User logged in successfully","timestamp":"2024-05-31 10:34:24"}
{"level":"info","message":"Create Farmer : New farmer created successfully","timestamp":"2024-05-31 10:34:42"}
{"errors":[{"location":"body","msg":"Product name is required","path":"productName","type":"field"},{"location":"body","msg":"Product type must be either \"Seed\" or \"Fertilizer\"","path":"productType","type":"field"},{"location":"body","msg":"Suitable land size must be a positive number","path":"suitableLandSize","type":"field"}],"level":"error","message":"Create Product : Error in create product validation","timestamp":"2024-05-31 10:39:11"}
{"level":"info","message":"Create Product : New product created successfully","timestamp":"2024-05-31 10:40:22"}
{"error":{"code":11000,"errorResponse":{"code":11000,"errmsg":"E11000 duplicate key error collection: test.products index: productName_1 dup key: { productName: \"Premium Maize Seeds\" }","index":0,"keyPattern":{"productName":1},"keyValue":{"productName":"Premium Maize Seeds"}},"index":0,"keyPattern":{"productName":1},"keyValue":{"productName":"Premium Maize Seeds"}},"level":"error","message":"Create Product : Error in creating product","timestamp":"2024-05-31 10:41:23"}
{"level":"info","message":"Create Product : New product created successfully","timestamp":"2024-05-31 10:41:52"}
{"level":"error","message":"Create Order : Farmer not found with ID 66587fe64993cf7de6d3933c","timestamp":"2024-05-31 10:52:07"}
{"level":"info","message":"Create Order : New order created successfully","timestamp":"2024-05-31 10:53:18"}
{"level":"info","message":"Create Order : New order created successfully","timestamp":"2024-05-31 11:03:24"}
{"level":"info","message":"Seeds found: ","timestamp":"2024-05-31 11:04:15"}
{"level":"info","message":"Fertilizer found: ","timestamp":"2024-05-31 11:04:15"}
{"level":"info","message":"Create Order : New order created successfully","timestamp":"2024-05-31 11:04:15"}
{"level":"info","message":"Seeds found: ","timestamp":"2024-05-31 11:04:21"}
{"level":"info","message":"Fertilizer found: ","timestamp":"2024-05-31 11:04:21"}
{"level":"info","message":"Create Order : New order created successfully","timestamp":"2024-05-31 11:04:21"}
{"level":"info","message":"Seeds found: ","timestamp":"2024-05-31 11:05:50"}
{"$__":{"activePaths":{"paths":{"__v":"init","_id":"init","productName":"init","productType":"init","suitableLandSize":"init"},"states":{"init":{"__v":true,"_id":true,"productName":true,"productType":true,"suitableLandSize":true},"require":{}}},"skipId":true},"$isNew":false,"_doc":{"__v":0,"_id":"66598cf628d70350c85c688b","productName":"Premium Maize Seeds","productType":"Seed","suitableLandSize":50},"level":"info","message":"Fertilizer found: ","timestamp":"2024-05-31 11:05:50"}
{"level":"info","message":"Create Order : New order created successfully","timestamp":"2024-05-31 11:05:50"}
{"$__":{"activePaths":{"paths":{"__v":"init","_id":"init","productName":"init","productType":"init","suitableLandSize":"init"},"states":{"init":{"__v":true,"_id":true,"productName":true,"productType":true,"suitableLandSize":true},"require":{}}},"skipId":true},"$isNew":false,"_doc":{"__v":0,"_id":"66598cf628d70350c85c688b","productName":"Premium Maize Seeds","productType":"Seed","suitableLandSize":50},"level":"info","message":"Seeds found: ","timestamp":"2024-05-31 11:15:36"}
{"$__":{"activePaths":{"paths":{"__v":"init","_id":"init","productName":"init","productType":"init","suitableLandSize":"init"},"states":{"init":{"__v":true,"_id":true,"productName":true,"productType":true,"suitableLandSize":true},"require":{}}},"skipId":true},"$isNew":false,"_doc":{"__v":0,"_id":"66598cf628d70350c85c688b","productName":"Premium Maize Seeds","productType":"Seed","suitableLandSize":50},"level":"info","message":"Fertilizer found: ","timestamp":"2024-05-31 11:15:36"}
{"level":"info","message":"Create Order : New order created successfully","timestamp":"2024-05-31 11:15:36"}
{"$__":{"activePaths":{"paths":{"__v":"init","_id":"init","productName":"init","productType":"init","suitableLandSize":"init"},"states":{"init":{"__v":true,"_id":true,"productName":true,"productType":true,"suitableLandSize":true},"require":{}}},"skipId":true},"$isNew":false,"_doc":{"__v":0,"_id":"66598cf628d70350c85c688b","productName":"Premium Maize Seeds","productType":"Seed","suitableLandSize":50},"level":"info","message":"Seeds found: ","timestamp":"2024-05-31 11:15:45"}
{"level":"info","message":"Fertilizer found: ","timestamp":"2024-05-31 11:15:45"}
{"level":"info","message":"Create Order : New order created successfully","timestamp":"2024-05-31 11:15:45"}
{"$__":{"activePaths":{"paths":{"__v":"init","_id":"init","productName":"init","productType":"init","suitableLandSize":"init"},"states":{"init":{"__v":true,"_id":true,"productName":true,"productType":true,"suitableLandSize":true},"require":{}}},"skipId":true},"$isNew":false,"_doc":{"__v":0,"_id":"66598cf628d70350c85c688b","productName":"Premium Maize Seeds","productType":"Seed","suitableLandSize":50},"level":"info","message":"Seeds found: ","timestamp":"2024-05-31 11:24:49"}
{"level":"info","message":"Fertilizer found: ","timestamp":"2024-05-31 11:24:49"}
{"level":"info","message":"Create Order : New order created successfully","timestamp":"2024-05-31 11:24:49"}
{"error":{"code":11000,"errorResponse":{"code":11000,"errmsg":"E11000 duplicate key error collection: test.products index: productName_1 dup key: { productName: \"Premium Maize Seedss\" }","index":0,"keyPattern":{"productName":1},"keyValue":{"productName":"Premium Maize Seedss"}},"index":0,"keyPattern":{"productName":1},"keyValue":{"productName":"Premium Maize Seedss"}},"level":"error","message":"Create Product : Error in creating product","timestamp":"2024-05-31 11:26:13"}
{"level":"info","message":"Create Product : New product created successfully","timestamp":"2024-05-31 11:26:24"}
{"$__":{"activePaths":{"paths":{"__v":"init","_id":"init","productName":"init","productType":"init","suitableLandSize":"init"},"states":{"init":{"__v":true,"_id":true,"productName":true,"productType":true,"suitableLandSize":true},"require":{}}},"skipId":true},"$isNew":false,"_doc":{"__v":0,"_id":"66598cf628d70350c85c688b","productName":"Premium Maize Seeds","productType":"Seed","suitableLandSize":50},"level":"info","message":"Seeds found: ","timestamp":"2024-05-31 11:26:55"}
{"level":"info","message":"Fertilizer found: ","timestamp":"2024-05-31 11:26:55"}
{"level":"info","message":"Create Order : New order created successfully","timestamp":"2024-05-31 11:26:55"}
{"$__":{"activePaths":{"paths":{"__v":"init","_id":"init","productName":"init","productType":"init","suitableLandSize":"init"},"states":{"init":{"__v":true,"_id":true,"productName":true,"productType":true,"suitableLandSize":true},"require":{}}},"skipId":true},"$isNew":false,"_doc":{"__v":0,"_id":"66598cf628d70350c85c688b","productName":"Premium Maize Seeds","productType":"Seed","suitableLandSize":50},"level":"info","message":"Seeds found: ","timestamp":"2024-05-31 11:27:02"}
{"level":"info","message":"Fertilizer found: ","timestamp":"2024-05-31 11:27:02"}
{"level":"info","message":"Create Order : New order created successfully","timestamp":"2024-05-31 11:27:02"}
{"level":"info","message":"Create Product : New product created successfully","timestamp":"2024-05-31 11:27:50"}
{"level":"info","message":"Create Product : New product created successfully","timestamp":"2024-05-31 11:27:54"}
{"level":"info","message":"Create Product : New product created successfully","timestamp":"2024-05-31 11:27:57"}
{"errors":[{"location":"body","msg":"Product type must be either \"Seed\" or \"Fertilizer\"","path":"productType","type":"field","value":"Seeds"}],"level":"error","message":"Create Product : Error in create product validation","timestamp":"2024-05-31 11:28:11"}
{"error":{"code":11000,"errorResponse":{"code":11000,"errmsg":"E11000 duplicate key error collection: test.products index: productName_1 dup key: { productName: \"Product 3\" }","index":0,"keyPattern":{"productName":1},"keyValue":{"productName":"Product 3"}},"index":0,"keyPattern":{"productName":1},"keyValue":{"productName":"Product 3"}},"level":"error","message":"Create Product : Error in creating product","timestamp":"2024-05-31 11:28:22"}
{"level":"info","message":"Create Product : New product created successfully","timestamp":"2024-05-31 11:28:30"}
{"level":"info","message":"Create Product : New product created successfully","timestamp":"2024-05-31 11:28:34"}
{"level":"info","message":"Create Product : New product created successfully","timestamp":"2024-05-31 11:28:39"}
{"$__":{"activePaths":{"paths":{"__v":"init","_id":"init","productName":"init","productType":"init","suitableLandSize":"init"},"states":{"init":{"__v":true,"_id":true,"productName":true,"productType":true,"suitableLandSize":true},"require":{}}},"skipId":true},"$isNew":false,"_doc":{"__v":0,"_id":"66598cf628d70350c85c688b","productName":"Premium Maize Seeds","productType":"Seed","suitableLandSize":50},"level":"info","message":"Seeds found: ","timestamp":"2024-05-31 12:26:55"}
{"$__":{"activePaths":{"paths":{"__v":"init","_id":"init","productName":"init","productType":"init","suitableLandSize":"init"},"states":{"init":{"__v":true,"_id":true,"productName":true,"productType":true,"suitableLandSize":true},"require":{}}},"skipId":true},"$isNew":false,"_doc":{"__v":0,"_id":"665997c032d08bd54d82f956","productName":"Premium Maize","productType":"Fertilizer","suitableLandSize":50},"level":"info","message":"Fertilizer found: ","timestamp":"2024-05-31 12:26:55"}
{"level":"info","message":"Create Order : New order created successfully","timestamp":"2024-05-31 12:26:55"}
{"level":"info","message":"Create Order : New order created successfully","timestamp":"2024-05-31 12:28:19"}
{"level":"info","message":"Create Order : New order created successfully","timestamp":"2024-05-31 12:33:28"}
{"level":"info","message":"Create Order : New order created successfully","timestamp":"2024-05-31 12:33:30"}
{"level":"info","message":"Create Order : New order created successfully","timestamp":"2024-05-31 12:33:45"}
{"level":"info","message":"Create Order : New order created successfully","timestamp":"2024-05-31 12:36:01"}
{"level":"info","message":"Create Order : New order created successfully","timestamp":"2024-05-31 12:38:07"}
{"level":"info","message":"Create Order : New order created successfully","timestamp":"2024-05-31 12:38:09"}
